   -0.251053     0.967973     0.967973     0.251053 
     0.69545     0.718574     0.718574     -0.69545 
    0.801431    -0.598087     0.598087     0.801431 
   -0.503358     0.864078     0.864078     0.503358 
   -0.368319     0.929699     0.929699     0.368319 
   -0.530291     0.847816     0.847816     0.530291 
    0.996991   -0.0775122    0.0775122     0.996991 
     0.89341     0.449243    -0.449243      0.89341 
    0.877867     0.478904    -0.478904     0.877867 
    0.994551     0.104249    -0.104249     0.994551 
    0.999589    0.0286746   -0.0286746     0.999589 
    0.721616    -0.692294     0.692294     0.721616 
   -0.293918     0.955831     0.955831     0.293918 
    0.407264      0.91331      0.91331    -0.407264 
    0.312455     0.949933     0.949933    -0.312455 
    0.270087     0.962836     0.962836    -0.270087 
    0.892982     0.450093    -0.450093     0.892982 
     0.31826     0.948003     0.948003     -0.31826 
    0.642935     0.765921     0.765921    -0.642935 
    0.667256     0.744828     0.744828    -0.667256 
    0.743053     0.669232    -0.669232     0.743053 
    0.902223    -0.431271     0.431271     0.902223 
    0.329717      0.94408      0.94408    -0.329717 
    0.866545    -0.499098     0.499098     0.866545 
    0.408959     0.912553     0.912553    -0.408959 
    0.428622     0.903484     0.903484    -0.428622 
    0.716969     0.697105    -0.697105     0.716969 
    0.396153     0.918184     0.918184    -0.396153 
   0.0646343     0.997909     0.997909   -0.0646343 
    0.164696     0.986344     0.986344    -0.164696 
    -0.38468      0.92305      0.92305      0.38468 
   -0.409485     0.912317     0.912317     0.409485 
    0.831282    -0.555852     0.555852     0.831282 
    0.781511    -0.623891     0.623891     0.781511 
     0.83223    -0.554431     0.554431      0.83223 
    0.810615    -0.585579     0.585579     0.810615 
    0.647411     0.762141     0.762141    -0.647411 
    0.643998     0.765027     0.765027    -0.643998 
   -0.345215     0.938524     0.938524     0.345215 
    0.767826    -0.640658     0.640658     0.767826 
    0.469032     0.883181     0.883181    -0.469032 
    0.193709     0.981059     0.981059    -0.193709 
    0.118793     0.992919     0.992919    -0.118793 
    0.962193    -0.272367     0.272367     0.962193 
    0.120845     0.992671     0.992671    -0.120845 
    0.796905    -0.604104     0.604104     0.796905 
    0.656257     0.754537     0.754537    -0.656257 
    0.852928     0.522028    -0.522028     0.852928 
    0.970903    -0.239473     0.239473     0.970903 
    0.993384    -0.114839     0.114839     0.993384 
    0.173176     0.984891     0.984891    -0.173176 
   -0.705679     0.708532     0.708532     0.705679 
    0.747883     0.663831    -0.663831     0.747883 
    0.237741     0.971329     0.971329    -0.237741 
 -0.00608969     0.999981     0.999981   0.00608969 
    0.578089     0.815974     0.815974    -0.578089 
    0.567098      0.82365      0.82365    -0.567098 
   -0.256049     0.966664     0.966664     0.256049 
   -0.142969     0.989727     0.989727     0.142969 
    -0.19275     0.981248     0.981248      0.19275 
    0.674919     0.737892     0.737892    -0.674919 
    0.595334     0.803479     0.803479    -0.595334 
   0.0749849     0.997185     0.997185   -0.0749849 
     0.64767     0.761921     0.761921     -0.64767 
    0.761866    -0.647735     0.647735     0.761866 
    0.687588     0.726101     0.726101    -0.687588 
    0.644616     0.764507     0.764507    -0.644616 
    0.430968     0.902367     0.902367    -0.430968 
    0.350401       0.9366       0.9366    -0.350401 
    0.531991      0.84675      0.84675    -0.531991 
    0.932492    -0.361192     0.361192     0.932492 
    0.928939     0.370232    -0.370232     0.928939 
    0.666927     0.745123     0.745123    -0.666927 
   -0.287434     0.957801     0.957801     0.287434 
   -0.593985     0.804476     0.804476     0.593985 
   -0.033376     0.999443     0.999443     0.033376 
    0.868296     0.496047    -0.496047     0.868296 
     0.44727     0.894399     0.894399     -0.44727 
    0.938315     0.345783    -0.345783     0.938315 
    0.667726     0.744408     0.744408    -0.667726 
   -0.478309     0.878192     0.878192     0.478309 
   -0.584414     0.811456     0.811456     0.584414 
     -0.3842      0.92325      0.92325       0.3842 
    0.550989     0.834513     0.834513    -0.550989 
    0.832809     0.553561    -0.553561     0.832809 
  -0.0947196     0.995504     0.995504    0.0947196 
   -0.343597     0.939117     0.939117     0.343597 
    0.851697     0.524035    -0.524035     0.851697 
   -0.302375     0.953189     0.953189     0.302375 
    0.791614    -0.611021     0.611021     0.791614 
    0.700615      0.71354      0.71354    -0.700615 
    0.193419     0.981116     0.981116    -0.193419 
     0.16368     0.986513     0.986513     -0.16368 
    0.828619    -0.559813     0.559813     0.828619 
   -0.509444     0.860504     0.860504     0.509444 
    0.472157     0.881515     0.881515    -0.472157 
   -0.171295      0.98522      0.98522     0.171295 
    -0.18014     0.983641     0.983641      0.18014 
    0.861448    -0.507846     0.507846     0.861448 
    0.812029     0.583617    -0.583617     0.812029 
    0.619827     0.784738     0.784738    -0.619827 
   -0.694992     0.719018     0.719018     0.694992 
    0.920318     0.391171    -0.391171     0.920318 
    0.492137     0.870518     0.870518    -0.492137 
    0.872495     0.488623    -0.488623     0.872495 
    0.993298    -0.115583     0.115583     0.993298 
    0.704926     0.709281     0.709281    -0.704926 
    0.262986       0.9648       0.9648    -0.262986 
    0.496104     0.868263     0.868263    -0.496104 
    0.605971     0.795487     0.795487    -0.605971 
   -0.207475      0.97824      0.97824     0.207475 
    0.807274    -0.590177     0.590177     0.807274 
   -0.423505     0.905894     0.905894     0.423505 
    0.785076      -0.6194       0.6194     0.785076 
    0.819291    -0.573377     0.573377     0.819291 
    0.846271    -0.532753     0.532753     0.846271 
    0.748833    -0.662758     0.662758     0.748833 
    0.988284    -0.152628     0.152628     0.988284 
    0.957425     0.288682    -0.288682     0.957425 
    0.982146    -0.188119     0.188119     0.982146 
   -0.527836     0.849347     0.849347     0.527836 
    0.912331    -0.409455     0.409455     0.912331 
  -0.0916726     0.995789     0.995789    0.0916726 
    0.916276    -0.400548     0.400548     0.916276 
    0.624368      0.78113      0.78113    -0.624368 
    0.660401     0.750913     0.750913    -0.660401 
    0.677314     0.735694     0.735694    -0.677314 
    0.567834     0.823143     0.823143    -0.567834 
    -0.18618     0.982516     0.982516      0.18618 
   -0.511683     0.859174     0.859174     0.511683 
    0.408014     0.912976     0.912976    -0.408014 
   0.0226384     0.999744     0.999744   -0.0226384 
   0.0502895     0.998735     0.998735   -0.0502895 
    0.937052     -0.34919      0.34919     0.937052 
    0.864368     -0.50286      0.50286     0.864368 
    0.997149   -0.0754538    0.0754538     0.997149 
    0.861846    -0.507169     0.507169     0.861846 
    0.374001     0.927428     0.927428    -0.374001 
    0.716599    -0.697485     0.697485     0.716599 
    0.991139     0.132827    -0.132827     0.991139 
 -0.00159888     0.999999     0.999999   0.00159888 
    0.789187    -0.614153     0.614153     0.789187 
    0.995517    0.0945852   -0.0945852     0.995517 
    0.995541    -0.094333     0.094333     0.995541 
   0.0797162     0.996818     0.996818   -0.0797162 
    0.441096      0.89746      0.89746    -0.441096 
    0.142291     0.989825     0.989825    -0.142291 
   -0.636571     0.771218     0.771218     0.636571 
    0.971724     0.236121    -0.236121     0.971724 
    0.717501    -0.696557     0.696557     0.717501 
    0.995816    0.0913758   -0.0913758     0.995816 
    0.356973     0.934115     0.934115    -0.356973 
     0.99376    -0.111543     0.111543      0.99376 
    0.825215    -0.564818     0.564818     0.825215 
   -0.210663     0.977559     0.977559     0.210663 
  -0.0628029     0.998026     0.998026    0.0628029 
    0.655581     0.755125     0.755125    -0.655581 
    0.642886     0.765962     0.765962    -0.642886 
    0.298354     0.954455     0.954455    -0.298354 
    0.999969  -0.00793284   0.00793284     0.999969 
     0.97127    -0.237982     0.237982      0.97127 
    0.571693     0.820467     0.820467    -0.571693 
    0.454384     0.890806     0.890806    -0.454384 
    0.980267     -0.19768      0.19768     0.980267 
    0.691597     0.722284     0.722284    -0.691597 
    0.258063     0.966128     0.966128    -0.258063 
    0.820117     0.572196    -0.572196     0.820117 
   -0.483724     0.875221     0.875221     0.483724 
    0.830925     0.556385    -0.556385     0.830925 
    0.598236      0.80132      0.80132    -0.598236 
    0.681388     0.731923     0.731923    -0.681388 
   -0.156683     0.987649     0.987649     0.156683 
    0.999621   -0.0275407    0.0275407     0.999621 
    0.577546     0.816358     0.816358    -0.577546 
  -0.0797884     0.996812     0.996812    0.0797884 
    0.924549     0.381063    -0.381063     0.924549 
   -0.410375     0.911917     0.911917     0.410375 
    0.911968    -0.410261     0.410261     0.911968 
   -0.309402     0.950931     0.950931     0.309402 
    0.441486     0.897268     0.897268    -0.441486 
   -0.512329     0.858789     0.858789     0.512329 
    0.548538     0.836125     0.836125    -0.548538 
    0.921028     0.389495    -0.389495     0.921028 
      0.9987   -0.0509814    0.0509814       0.9987 
    0.964679     0.263428    -0.263428     0.964679 
   0.0229945     0.999736     0.999736   -0.0229945 
    0.895258    -0.445549     0.445549     0.895258 
   -0.250399     0.968143     0.968143     0.250399 
   -0.357013       0.9341       0.9341     0.357013 
   -0.227596     0.973756     0.973756     0.227596 
     0.68589     0.727705     0.727705     -0.68589 
    0.787682    -0.616082     0.616082     0.787682 
    0.733814     -0.67935      0.67935     0.733814 
    0.674285     0.738472     0.738472    -0.674285 
    0.794614    -0.607115     0.607115     0.794614 
   -0.408097     0.912938     0.912938     0.408097 
   -0.076252     0.997089     0.997089     0.076252 
    0.165957     0.986133     0.986133    -0.165957 
   -0.253697     0.967284     0.967284     0.253697 
    0.488136     0.872767     0.872767    -0.488136 
     0.29395     0.955821     0.955821     -0.29395 
    0.971512     0.236989    -0.236989     0.971512 
    0.721798     0.692104    -0.692104     0.721798 
   -0.260844     0.965381     0.965381     0.260844 
     0.99687    -0.079063     0.079063      0.99687 
   -0.607189     0.794558     0.794558     0.607189 
   -0.651964      0.75825      0.75825     0.651964 
     0.86919    -0.494478     0.494478      0.86919 
    0.987097    -0.160121     0.160121     0.987097 
    0.514275     0.857625     0.857625    -0.514275 
    0.965411    -0.260735     0.260735     0.965411 
  -0.0725853     0.997362     0.997362    0.0725853 
    0.916291    -0.400513     0.400513     0.916291 
    0.205629      0.97863      0.97863    -0.205629 
     0.20627     0.978495     0.978495     -0.20627 
    0.848836    -0.528656     0.528656     0.848836 
    0.677792     0.735254     0.735254    -0.677792 
    0.271274     0.962502     0.962502    -0.271274 
   -0.533842     0.845584     0.845584     0.533842 
    0.759426     0.650594    -0.650594     0.759426 
   -0.682623     0.730771     0.730771     0.682623 
   -0.575897     0.817523     0.817523     0.575897 
    0.151671     0.988431     0.988431    -0.151671 
    0.884414     0.466704    -0.466704     0.884414 
    0.975055    -0.221965     0.221965     0.975055 
     0.99466     0.103209    -0.103209      0.99466 
    0.975415     0.220374    -0.220374     0.975415 
    0.843299     0.537445    -0.537445     0.843299 
    0.806405     0.591363    -0.591363     0.806405 
    0.217693     0.976017     0.976017    -0.217693 
    0.360458     0.932775     0.932775    -0.360458 
   -0.122962     0.992411     0.992411     0.122962 
    0.757531    -0.652799     0.652799     0.757531 
    0.905896    -0.423501     0.423501     0.905896 
    0.989013    -0.147826     0.147826     0.989013 
    0.935767    -0.352619     0.352619     0.935767 
    0.739696    -0.672941     0.672941     0.739696 
    0.895156    -0.445752     0.445752     0.895156 
   -0.405736      0.91399      0.91399     0.405736 
    0.718614    -0.695409     0.695409     0.718614 
    0.327734      0.94477      0.94477    -0.327734 
    0.999353   -0.0359578    0.0359578     0.999353 
    0.910012     0.414581    -0.414581     0.910012 
    0.891748    -0.452533     0.452533     0.891748 
   -0.313215     0.949682     0.949682     0.313215 
    0.233831     0.972277     0.972277    -0.233831 
    0.105362     0.994434     0.994434    -0.105362 
    0.708252     -0.70596      0.70596     0.708252 
    0.995493   -0.0948378    0.0948378     0.995493 
    0.934624    -0.355637     0.355637     0.934624 
    0.959368     0.282158    -0.282158     0.959368 
    -0.59474     0.803918     0.803918      0.59474 
    0.852181     0.523247    -0.523247     0.852181 
    0.555342     0.831622     0.831622    -0.555342 
    0.736251    -0.676708     0.676708     0.736251 
    0.703127     0.711064     0.711064    -0.703127 
    0.190568     0.981674     0.981674    -0.190568 
    0.980603    -0.196003     0.196003     0.980603 
   -0.555747     0.831351     0.831351     0.555747 
    0.980594    -0.196051     0.196051     0.980594 
    0.928547     0.371214    -0.371214     0.928547 
    0.854839    -0.518893     0.518893     0.854839 
    0.887766     0.460295    -0.460295     0.887766 
    0.767381    -0.641191     0.641191     0.767381 
    0.708255    -0.705957     0.705957     0.708255 
    0.750494    -0.660878     0.660878     0.750494 
    0.576894     0.816819     0.816819    -0.576894 
    0.936533    -0.350579     0.350579     0.936533 
   0.0513869     0.998679     0.998679   -0.0513869 
    0.920543     0.390641    -0.390641     0.920543 
    0.334321     0.942459     0.942459    -0.334321 
    0.960379    -0.278696     0.278696     0.960379 
   -0.694715     0.719285     0.719285     0.694715 
    0.897408     0.441202    -0.441202     0.897408 
    0.847524    -0.530758     0.530758     0.847524 
    0.988303     0.152504    -0.152504     0.988303 
   -0.247695     0.968838     0.968838     0.247695 
    0.586002     0.810309     0.810309    -0.586002 
    0.965935    -0.258785     0.258785     0.965935 
  -0.0041898     0.999991     0.999991    0.0041898 
       -0.26     0.965609     0.965609         0.26 
   -0.163983     0.986463     0.986463     0.163983 
    0.707247    -0.706966     0.706966     0.707247 
    0.901068    -0.433677     0.433677     0.901068 
     0.98486    -0.173353     0.173353      0.98486 
     0.88367    -0.468111     0.468111      0.88367 
   -0.131351     0.991336     0.991336     0.131351 
    -0.26407     0.964504     0.964504      0.26407 
    0.786561    -0.617513     0.617513     0.786561 
    0.640203     0.768206     0.768206    -0.640203 
    0.737306    -0.675559     0.675559     0.737306 
    0.236417     0.971652     0.971652    -0.236417 
    0.498655     0.866801     0.866801    -0.498655 
    0.725954    -0.687743     0.687743     0.725954 
   -0.271249     0.962509     0.962509     0.271249 
    0.784365     0.620299    -0.620299     0.784365 
   -0.392803     0.919623     0.919623     0.392803 
     -0.6161     0.787668     0.787668       0.6161 
    0.975662     0.219278    -0.219278     0.975662 
    0.855546    -0.517726     0.517726     0.855546 
    0.521157     0.853461     0.853461    -0.521157 
    0.919957    -0.392018     0.392018     0.919957 
   -0.223542     0.974694     0.974694     0.223542 
  -0.0346696     0.999399     0.999399    0.0346696 
    0.834703    -0.550701     0.550701     0.834703 
    0.404527     0.914526     0.914526    -0.404527 
   -0.220489     0.975389     0.975389     0.220489 
    0.912963    -0.408043     0.408043     0.912963 
    0.958034    -0.286653     0.286653     0.958034 
   -0.272339     0.962201     0.962201     0.272339 
    0.429578      0.90303      0.90303    -0.429578 
    0.893537    -0.448989     0.448989     0.893537 
    0.904946    -0.425526     0.425526     0.904946 
    0.830166     0.557517    -0.557517     0.830166 
    0.728673    -0.684862     0.684862     0.728673 
    0.980997     0.194023    -0.194023     0.980997 
    0.633067     0.774097     0.774097    -0.633067 
    0.570131     0.821554     0.821554    -0.570131 
   0.0811107     0.996705     0.996705   -0.0811107 
    0.300556     0.953764     0.953764    -0.300556 
     0.79374    -0.608257     0.608257      0.79374 
    0.928653     0.370949    -0.370949     0.928653 
   -0.550362     0.834926     0.834926     0.550362 
     0.32295     0.946416     0.946416     -0.32295 
    0.927375    -0.374134     0.374134     0.927375 
    0.977734    -0.209846     0.209846     0.977734 
    0.999986   0.00525748  -0.00525748     0.999986 
    0.751346     0.659908    -0.659908     0.751346 
   -0.501826     0.864968     0.864968     0.501826 
    0.683164     0.730265     0.730265    -0.683164 
   -0.153894     0.988087     0.988087     0.153894 
    -0.42672     0.904384     0.904384      0.42672 
    0.691197     0.722667     0.722667    -0.691197 
    0.985735    -0.168305     0.168305     0.985735 
    0.911222    -0.411917     0.411917     0.911222 
    0.897437    -0.441142     0.441142     0.897437 
    0.927496    -0.373833     0.373833     0.927496 
    0.384237     0.923234     0.923234    -0.384237 
   -0.101009     0.994886     0.994886     0.101009 
     0.71332    -0.700838     0.700838      0.71332 
    0.798191     0.602404    -0.602404     0.798191 
    0.688498     0.725238     0.725238    -0.688498 
   -0.340851     0.940117     0.940117     0.340851 
    0.156164     0.987731     0.987731    -0.156164 
   -0.282295     0.959328     0.959328     0.282295 
    0.998966   -0.0454625    0.0454625     0.998966 
    0.974006     0.226521    -0.226521     0.974006 
    0.302998     0.952991     0.952991    -0.302998 
  -0.0250917     0.999685     0.999685    0.0250917 
    0.758307    -0.651897     0.651897     0.758307 
    0.847529     0.530749    -0.530749     0.847529 
    0.886076      0.46354     -0.46354     0.886076 
    0.731047    -0.682327     0.682327     0.731047 
   -0.438181     0.898887     0.898887     0.438181 
    0.608059     0.793891     0.793891    -0.608059 
   -0.116708     0.993166     0.993166     0.116708 
    0.999944   -0.0105811    0.0105811     0.999944 
    0.143521     0.989647     0.989647    -0.143521 
    0.920302    -0.391209     0.391209     0.920302 
    0.156926      0.98761      0.98761    -0.156926 
    0.918871    -0.394557     0.394557     0.918871 
    0.928022    -0.372524     0.372524     0.928022 
    0.291089     0.956696     0.956696    -0.291089 
   -0.562136     0.827045     0.827045     0.562136 
    0.834735    -0.550652     0.550652     0.834735 
    0.734948    -0.678124     0.678124     0.734948 
   -0.213101      0.97703      0.97703     0.213101 
   0.0512921     0.998684     0.998684   -0.0512921 
    0.148196     0.988958     0.988958    -0.148196 
    0.899856     0.436188    -0.436188     0.899856 
    0.541251     0.840861     0.840861    -0.541251 
    0.781506    -0.623898     0.623898     0.781506 
    0.980949    -0.194264     0.194264     0.980949 
    0.998386    0.0567992   -0.0567992     0.998386 
    0.932856    -0.360249     0.360249     0.932856 
   -0.699749     0.714388     0.714388     0.699749 
    0.219257     0.975667     0.975667    -0.219257 
   -0.409977     0.912096     0.912096     0.409977 
   0.0984882     0.995138     0.995138   -0.0984882 
     0.30546     0.952205     0.952205     -0.30546 
     0.37081     0.928709     0.928709     -0.37081 
   -0.107268      0.99423      0.99423     0.107268 
   -0.193464     0.981107     0.981107     0.193464 
     0.91258    -0.408897     0.408897      0.91258 
    0.960631    -0.277828     0.277828     0.960631 
    0.989119    -0.147119     0.147119     0.989119 
    0.883843    -0.467783     0.467783     0.883843 
    0.140141     0.990132     0.990132    -0.140141 
    0.479974     0.877283     0.877283    -0.479974 
    0.901627    -0.432514     0.432514     0.901627 
   -0.254993     0.966943     0.966943     0.254993 
   -0.100745     0.994912     0.994912     0.100745 
   -0.414419     0.910086     0.910086     0.414419 
    0.837281    -0.546773     0.546773     0.837281 
    0.712079       0.7021      -0.7021     0.712079 
    0.985918     -0.16723      0.16723     0.985918 
    0.892857     -0.45034      0.45034     0.892857 
     0.99708    0.0763623   -0.0763623      0.99708 
    0.972907     0.231196    -0.231196     0.972907 
    0.974506     0.224363    -0.224363     0.974506 
  0.00693361     0.999976     0.999976  -0.00693361 
    0.718377     0.695653    -0.695653     0.718377 
   0.0145174     0.999895     0.999895   -0.0145174 
   -0.138473     0.990366     0.990366     0.138473 
    0.341109     0.940024     0.940024    -0.341109 
   -0.572242     0.820085     0.820085     0.572242 
   -0.238447     0.971156     0.971156     0.238447 
    0.947261    -0.320463     0.320463     0.947261 
     0.97505    -0.221985     0.221985      0.97505 
    0.127124     0.991887     0.991887    -0.127124 
   -0.688305     0.725422     0.725422     0.688305 
  -0.0162266     0.999868     0.999868    0.0162266 
   0.0802753     0.996773     0.996773   -0.0802753 
   -0.103719     0.994607     0.994607     0.103719 
    0.824284     0.566177    -0.566177     0.824284 
    0.326817     0.945088     0.945088    -0.326817 
   0.0428695     0.999081     0.999081   -0.0428695 
    0.223696     0.974659     0.974659    -0.223696 
   -0.415001     0.909821     0.909821     0.415001 
   -0.299867     0.953981     0.953981     0.299867 
    0.343133     0.939287     0.939287    -0.343133 
    0.452631     0.891698     0.891698    -0.452631 
    -0.64244     0.766336     0.766336      0.64244 
    0.605272     0.796018     0.796018    -0.605272 
   0.0427296     0.999087     0.999087   -0.0427296 
     0.40556     0.914068     0.914068     -0.40556 
    0.313811     0.949485     0.949485    -0.313811 
    0.384277     0.923218     0.923218    -0.384277 
   0.0949931     0.995478     0.995478   -0.0949931 
    0.961499     0.274809    -0.274809     0.961499 
   -0.444532     0.895763     0.895763     0.444532 
   -0.547356       0.8369       0.8369     0.547356 
    0.955405    -0.295299     0.295299     0.955405 
    0.812026    -0.583621     0.583621     0.812026 
   -0.674744     0.738052     0.738052     0.674744 
    0.927109    -0.374791     0.374791     0.927109 
    0.897732    -0.440542     0.440542     0.897732 
    0.860025    -0.510252     0.510252     0.860025 
    0.222874     0.974847     0.974847    -0.222874 
    0.647592     0.761987     0.761987    -0.647592 
   -0.256324     0.966591     0.966591     0.256324 
   -0.414252     0.910162     0.910162     0.414252 
    0.110717     0.993852     0.993852    -0.110717 
   -0.440565     0.897721     0.897721     0.440565 
    0.272367     0.962193     0.962193    -0.272367 
    0.687713     0.725983     0.725983    -0.687713 
    0.953378     0.301779    -0.301779     0.953378 
   -0.706906     0.707307     0.707307     0.706906 
     0.94008    -0.340955     0.340955      0.94008 
    0.597337      0.80199      0.80199    -0.597337 
    0.135036     0.990841     0.990841    -0.135036 
      0.9492     0.314675    -0.314675       0.9492 
    0.987988     0.154532    -0.154532     0.987988 
   -0.542129     0.840295     0.840295     0.542129 
    0.902585    -0.430512     0.430512     0.902585 
    0.446098     0.894984     0.894984    -0.446098 
    0.984111    -0.177556     0.177556     0.984111 
   -0.126158      0.99201      0.99201     0.126158 
    0.976307    -0.216388     0.216388     0.976307 
   -0.275537     0.961291     0.961291     0.275537 
    0.908256    -0.418415     0.418415     0.908256 
   -0.319265     0.947665     0.947665     0.319265 
    0.527353     0.849646     0.849646    -0.527353 
   -0.702809     0.711379     0.711379     0.702809 
    0.481607     0.876387     0.876387    -0.481607 
    0.798234    -0.602347     0.602347     0.798234 
   -0.526142     0.850397     0.850397     0.526142 
   -0.498505     0.866887     0.866887     0.498505 
   -0.587785     0.809017     0.809017     0.587785 
    0.461406     0.887189     0.887189    -0.461406 
   -0.627698     0.778457     0.778457     0.627698 
    0.998096    0.0616821   -0.0616821     0.998096 
   -0.472074     0.881559     0.881559     0.472074 
    0.889237     0.457447    -0.457447     0.889237 
    0.985901    -0.167329     0.167329     0.985901 
    0.999993   0.00375875  -0.00375875     0.999993 
    0.648224      0.76145      0.76145    -0.648224 
    0.999577   -0.0290871    0.0290871     0.999577 
   -0.566633     0.823971     0.823971     0.566633 
    0.495465     0.868628     0.868628    -0.495465 
    0.932238    -0.361846     0.361846     0.932238 
    0.357158     0.934044     0.934044    -0.357158 
    0.996385   -0.0849554    0.0849554     0.996385 
    0.993665    -0.112382     0.112382     0.993665 
     0.46892      0.88324      0.88324     -0.46892 
  -0.0408451     0.999165     0.999165    0.0408451 
    0.246973     0.969022     0.969022    -0.246973 
   -0.144579     0.989493     0.989493     0.144579 
   -0.210438     0.977607     0.977607     0.210438 
    0.490011     0.871716     0.871716    -0.490011 
    0.853097    -0.521752     0.521752     0.853097 
    0.626428     0.779479     0.779479    -0.626428 
    0.494522     0.869165     0.869165    -0.494522 
    0.896589    -0.442863     0.442863     0.896589 
    0.268938     0.963157     0.963157    -0.268938 
    0.347164     0.937804     0.937804    -0.347164 
    0.960729     -0.27749      0.27749     0.960729 
    0.728833    -0.684691     0.684691     0.728833 
    0.440747     0.897631     0.897631    -0.440747 
    0.561499     0.827477     0.827477    -0.561499 
    0.953074    -0.302737     0.302737     0.953074 
    0.571389     0.820679     0.820679    -0.571389 
    0.999661    0.0260334   -0.0260334     0.999661 
    0.961566     0.274573    -0.274573     0.961566 
    0.956473     0.291821    -0.291821     0.956473 
    0.942504    -0.334194     0.334194     0.942504 
    0.998002   -0.0631851    0.0631851     0.998002 
    0.014096     0.999901     0.999901    -0.014096 
    0.995991     0.089455    -0.089455     0.995991 
    0.954053    -0.299638     0.299638     0.954053 
    -0.27025      0.96279      0.96279      0.27025 
    0.506992     0.861951     0.861951    -0.506992 
   0.0311413     0.999515     0.999515   -0.0311413 
    0.634019     0.773318     0.773318    -0.634019 
    0.447846     0.894111     0.894111    -0.447846 
   -0.473697     0.880688     0.880688     0.473697 
   -0.329156     0.944276     0.944276     0.329156 
    0.996114   -0.0880771    0.0880771     0.996114 
    0.096229     0.995359     0.995359    -0.096229 
    0.741393    -0.671071     0.671071     0.741393 
    0.875971     0.482363    -0.482363     0.875971 
    0.999316    0.0369874   -0.0369874     0.999316 
    0.425198       0.9051       0.9051    -0.425198 
  -0.0722365     0.997388     0.997388    0.0722365 
    0.705151     0.709057     0.709057    -0.705151 
    0.509727     0.860336     0.860336    -0.509727 
     0.52615     0.850392     0.850392     -0.52615 
    0.799366    -0.600845     0.600845     0.799366 
    0.234595     0.972093     0.972093    -0.234595 
    0.116563     0.993183     0.993183    -0.116563 
    0.990068    -0.140587     0.140587     0.990068 
    0.955034    -0.296495     0.296495     0.955034 
    0.999874   -0.0158779    0.0158779     0.999874 
    0.981485     -0.19154      0.19154     0.981485 
    0.202709     0.979239     0.979239    -0.202709 
    0.191781     0.981438     0.981438    -0.191781 
    0.273745     0.961802     0.961802    -0.273745 
    0.661658     0.749806     0.749806    -0.661658 
    0.656939     0.753943     0.753943    -0.656939 
   -0.594158     0.804349     0.804349     0.594158 
   -0.229647     0.973274     0.973274     0.229647 
   -0.198205     0.980161     0.980161     0.198205 
    0.610231     0.792223     0.792223    -0.610231 
     0.76811    -0.640318     0.640318      0.76811 
   -0.265538       0.9641       0.9641     0.265538 
   -0.419147     0.907918     0.907918     0.419147 
    0.914397    -0.404818     0.404818     0.914397 
    0.999939    0.0110344   -0.0110344     0.999939 
   -0.023301     0.999729     0.999729     0.023301 
    0.895219    -0.445626     0.445626     0.895219 
     -0.3568     0.934181     0.934181       0.3568 
    0.969114     0.246613    -0.246613     0.969114 
    0.903803    -0.427948     0.427948     0.903803 
    0.284316     0.958731     0.958731    -0.284316 
    0.827345    -0.561695     0.561695     0.827345 
    0.989311    -0.145824     0.145824     0.989311 
    0.996897    0.0787159   -0.0787159     0.996897 
    0.995062   -0.0992554    0.0992554     0.995062 
    0.991496    -0.130137     0.130137     0.991496 
  -0.0789236     0.996881     0.996881    0.0789236 
    0.620379     0.784302     0.784302    -0.620379 
     0.60534     0.795967     0.795967     -0.60534 
    0.497589     0.867413     0.867413    -0.497589 
     0.56602     0.824391     0.824391     -0.56602 
    0.853223     0.521547    -0.521547     0.853223 
    0.657619      0.75335      0.75335    -0.657619 
    0.694112     0.719867     0.719867    -0.694112 
    0.859778    -0.510669     0.510669     0.859778 
   -0.223068     0.974803     0.974803     0.223068 
  -0.0934119     0.995628     0.995628    0.0934119 
     0.99899   -0.0449402    0.0449402      0.99899 
   -0.605562     0.795798     0.795798     0.605562 
    0.996259   -0.0864188    0.0864188     0.996259 
    0.994033    -0.109079     0.109079     0.994033 
    0.331403     0.943489     0.943489    -0.331403 
     0.14669     0.989183     0.989183     -0.14669 
   -0.137678     0.990477     0.990477     0.137678 
    0.271455     0.962451     0.962451    -0.271455 
   -0.102993     0.994682     0.994682     0.102993 
    0.714989    -0.699135     0.699135     0.714989 
    0.254603     0.967046     0.967046    -0.254603 
    0.999005   -0.0445967    0.0445967     0.999005 
    0.999188   -0.0403008    0.0403008     0.999188 
    0.116065     0.993242     0.993242    -0.116065 
    0.076335     0.997082     0.997082    -0.076335 
    0.966585    -0.256345     0.256345     0.966585 
    0.130876     0.991399     0.991399    -0.130876 
    0.971552     0.236827    -0.236827     0.971552 
    -0.11489     0.993378     0.993378      0.11489 
   -0.206857     0.978371     0.978371     0.206857 
    0.367962     0.929841     0.929841    -0.367962 
    0.550647     0.834738     0.834738    -0.550647 
    0.914554    -0.404464     0.404464     0.914554 
   -0.178748     0.983895     0.983895     0.178748 
    0.872641    -0.488362     0.488362     0.872641 
    0.910699    -0.413072     0.413072     0.910699 
    0.706151     0.708061     0.708061    -0.706151 
    0.771941    -0.635694     0.635694     0.771941 
    0.643008     0.765859     0.765859    -0.643008 
   -0.347868     0.937544     0.937544     0.347868 
   -0.504471     0.863429     0.863429     0.504471 
   -0.348122     0.937449     0.937449     0.348122 
   0.0676814     0.997707     0.997707   -0.0676814 
    0.929621    -0.368518     0.368518     0.929621 
    0.965105    -0.261863     0.261863     0.965105 
    0.374827     0.927095     0.927095    -0.374827 
    0.898138    -0.439713     0.439713     0.898138 
    0.970804    -0.239873     0.239873     0.970804 
   -0.133257     0.991082     0.991082     0.133257 
    0.958974    -0.283494     0.283494     0.958974 
    0.615414     0.788204     0.788204    -0.615414 
   -0.069177     0.997604     0.997604     0.069177 
   -0.372229     0.928141     0.928141     0.372229 
    0.368976     0.929439     0.929439    -0.368976 
    0.967382     0.253322    -0.253322     0.967382 
    0.948273    -0.317455     0.317455     0.948273 
    0.667934     0.744221     0.744221    -0.667934 
    0.979705     0.200447    -0.200447     0.979705 
   -0.478842     0.877901     0.877901     0.478842 
    0.926253    -0.376901     0.376901     0.926253 
    0.810377     0.585909    -0.585909     0.810377 
    0.847455    -0.530867     0.530867     0.847455 
   -0.357492     0.933916     0.933916     0.357492 
   -0.684141      0.72935      0.72935     0.684141 
   -0.176707     0.984264     0.984264     0.176707 
