      40       73       73       66       51       26        6       40       71       51       34       15       22       20       16       20       19       23        9       42       43       30        4       37       25 
      55       31       40       97       37       36       17        1       13       27       14        5        2       19        6       15       13       18       32       28       10        8       22       15        7 
     132       44       78       44       26       13        0       28       45       24        6        1       39       17        3       14       10       44       31        6       20       24       14       52       37 
      25       60        9       46       28       33       27       19        0       16       14       18       25       22       15       14       19       23       25       25       23       23       39       39       26 
       1       27       54        9       33       39       23        4        4        8       16       14       28        4       15        4        5       45       17       35       17       37       34       49       32 
       5        6       12       60       55       12       37       13       10        6       15       37       21        3       18       18       38       43       56       18       13       30       41       40       51 
       0       19       18       61       51       34       14        8       20       10        4       37       19       17        2       26       22       29       19       16        7       29       53       55       33 
      36       15       30       52       22       22       29       13       19        9       30       25       20       16       29        9       13        5        6       20       57       83       42       46       60 
       0       17        0       40       34       35       20       13       19       18       11       22        1       22       85        7       13       20       22       54       46       46       52       42       43 
       7       11       15       60       20       37       54       13       13       11       13       21       11       42       11       19       51       54       17       35       51       43       76       57       44 
      11       16        1       12       32       29       31       37       25       10       21       16       49       11       28        0        0       16       23       46       56       59       79       67       59 
      20       10       17       11       16       29       31       10        4       15        0       37       36        7       14        0       25       14       10       60      120       49       64       52       58 
       6       22       21       17       14       12       35       33        2       16       22       13       15       25       13       21        7        3       34       80       53       51      105       58       58 
      18       18       33       26       14       20       38        9        1        3        9        8       38       24        0       17       12       27       30       66      104       74       51       65       59 
      15       11       27       13       14       26       40       22        3       26       12       12       25       29        7        0       24       43       39       51       54       65       49       54       46 
      10       20       21       32        6       13       24       23        4       43       13        7       40       25       10       26       24       23       87       90       92      114       92       78       54 
       4       18       12       13       11       36       20       10        2       18       16       27       16       30       23       15       47        5      110       99      127      128      182       96       72 
       9       12        9       31       20       31       39        2       21       50        4        2       11       17       14       28       36       16       39       67       96      158      117      124      109 
       3       20       28        8        8       35        0       20       15       28        0       22       15       29       11       20       37       51       36       32       68       49      129       62       55 
      29        3        4       29       33        3       23        8       24       31       16       18       19       36        0       38       35        9       30       18      119       92      133       73      173 
      12       22       22       65       33        5        8       17       23        5       32       13       34       15        9       61       63       18       32       10      110      191      165      162      249 
      11       15       19       26       21       13       12       40        3       24       12       14        5        7       31       41       34       11       13       28      138      166      142      306      273 
      14       29       23       36        2       12       24        5        6       21       12       14        7       85       42        5        3        2       19       25       92      331      324      324      317 
      11        9       12       20        4        3       20       12       17       29       30       46       23       25       32       25       11       21       27       52      172      181      177      219      157 
      15       12       13       15        5        8        3       11        7        7       12       23       27       15       30       25       40       52       47      133      253       62       40      182      188 
total training data: 22492
rmse after training = 0.007
