    -0.3101     0.0774    -0.0331
    -0.0959     0.2119    -0.0011
    -0.0888     0.3560     0.1667
    -0.2488    -0.1372     0.0664
    -0.1413     0.1732    -0.0728
    -0.4040     0.6314    -0.3699
     0.1761    -0.0940    -0.0506
     0.0371    -0.0556     0.0345
    -0.0298    -0.0919     0.0743
    -0.2615     0.0686     0.1407
    -0.0489    -0.0332     0.0620
     0.0191     0.1005     0.0428
    -0.1427     0.3389    -0.1520
     0.2566    -1.3831     0.4701
    -0.0754     0.0589     0.0308
     0.0168     0.3478    -0.1195
    -3.5560     3.5694     0.0238
    -0.0099     0.0194     0.0240
    -0.0844    -0.2370     0.1316
     0.4363    -0.9962     0.1071
     0.0375    -0.0174     0.0302
     0.1292     0.1385    -0.0201
    -0.0709     0.0534     0.0270
    -0.3794     0.2472     0.2473
    -0.0316    -0.7598     0.3524
    -0.1251     0.1674    -0.0106
     0.1120     0.0200    -0.0138
     0.2797    -0.2106     0.0551
     0.0676     0.1230    -0.0418
    -0.0922     0.1002     0.0103
    -0.0068     0.1810    -0.0627
    -0.0090     0.0454     0.0124
     0.0873    -0.2307    -0.0509
     0.0598    -0.1251    -0.0245
     0.2979     0.8385    -0.0117
     0.0255     0.1321     0.0365
    -0.0072    -0.0815     0.0562
    -0.0047    -0.1291     0.0682
     0.7435     0.0350    -0.0036
    -0.0008     0.1593     0.0592
    -0.4464    -0.2361     0.2956
     0.0060    -0.0606     0.0607
     0.0111     0.0692    -0.0005
     0.1279    -0.1200    -0.0279
     0.5039    -0.7299     0.2594
    -0.0241     0.1054     0.0627
    -0.1979    -0.0116     0.1142
    -0.0160    -0.1145     0.0740
    -0.1335     0.2972     0.1121
     0.1435     0.0255    -0.0324
     0.0050    -0.1582     0.1223
    -0.1904    -0.3175     0.0972
     0.1549     0.0944    -0.0621
     0.1535     0.1501    -0.0870
    -0.0584    -0.2245     0.1910
    -0.0342     0.1349     0.0060
    -0.0090    -0.0682     0.0712
    -0.1038     0.0896    -0.0108
    -0.4477     0.2807    -0.0822
     0.4477     0.6838    -0.4269
     0.0399     0.0520    -0.0033
     0.0195    -0.1789     0.0753
    -0.2725    -1.9318     1.1039
    -0.1121     0.1668     0.0490
     0.0038     0.1291     0.0523
    -0.2720     0.6972     0.0107
    -0.0526     0.1726     0.0166
     0.3252    -0.1519    -0.0300
    -0.3825    -0.6612     0.4050
    -0.0315    -0.1526     0.0929
    -0.3266     0.1863     0.1889
    -0.1019    -0.2548     0.1358
    -0.0739    -0.3161     0.1523
     0.1228     0.5270    -0.1908
     0.0735     0.3306    -0.0798
     1.5856     2.5826    -1.6764
     0.0215     0.2932    -0.0927
     0.0428     0.0371     0.0054
    -0.2853    -0.0029     0.1858
     0.0479     2.3201    -0.7490
     0.1806     0.3525    -0.1747
    -0.0812    -0.0018     0.0245
     1.1867     4.1682    -2.6035
     0.2269     0.0612    -0.0963
    -4.9468    -6.9186     5.3752
     0.1616     0.3747    -0.2158
    -0.1582    -0.1152     0.1059
     0.0835    -0.1507     0.0800
    -0.1021     0.1653    -0.0548
    -0.0083    -0.1001     0.0232
    -0.1079    -0.0334     0.0921
     0.1179    -0.0380     0.0165
     1.0723    -3.1008     1.0857
    -0.5882     0.0032     0.3135
     0.1553     0.1843    -0.0325
    -1.2568    -2.3698     1.1928
     1.1792    -0.9726     0.4607
    -0.1302    -0.1337     0.0898
     0.0111    -0.0970     0.0147
     0.0118     0.1514    -0.0129
     0.0342     0.0537     0.0035
    -0.0118    -5.3063     2.9849
     0.2461     0.4099    -0.2435
     0.0600    -0.0606     0.0406
    -0.2019    -0.2111     0.2417
    -0.1379     0.0875     0.1220
     1.0892     0.8196    -0.8479
     0.0439     0.1141    -0.0349
    -0.1335    -0.1378     0.1673
     0.5546    -1.8123     0.3009
    -0.0573     0.0680    -0.0057
     0.6357     0.1093    -0.3278
    -0.2116     0.3546    -0.1761
     0.0835    -0.1566    -0.0363
    -0.0132    -0.1884     0.0183
    -0.0832    -0.0107     0.0742
     0.0684     0.0034     0.0023
    -0.6713     0.1783     0.3401
    -0.8323    -2.2659     0.9554
    -0.2400    -0.6597     0.1825
     0.0053     0.0999    -0.0008
    -0.2294    -0.0925     0.1166
     0.2623     0.1074    -0.0133
     0.3993    -0.0068    -0.1262
     0.1209     0.4045    -0.1333
     0.0043    -0.2088     0.1161
     0.0296    -0.0264     0.0346
     0.0192     0.0121     0.0269
     0.2272    -0.0558     0.0579
     0.3169    -0.1909     0.2128
    -0.0554    -0.1264     0.1327
    -0.4223     0.9434    -0.4297
    -0.1818     0.1518     0.0018
    -0.2737    -0.0387     0.2256
    -0.2454     0.8388     0.2636
     0.5442    -0.0627    -0.2613
     0.8819    -1.6673    -0.5941
     0.1490     0.3284    -0.1667
     0.0798     0.1961     0.0253
    -0.0019     0.2266    -0.0357
    -0.0313    -0.1248     0.0963
    -0.4581    -0.2681     0.2218
     0.2314     0.0007    -0.0692
    -0.3072     0.1632     0.1511
    -0.5378    -1.4227     0.7142
    -0.0308    -0.0776     0.0715
    -0.2504     0.5472    -0.1414
     0.1029     0.4421    -0.0957
    -0.4764    -0.4770     0.2752
     0.2135    -0.1163    -0.0627
    -0.0970    -0.0043     0.1066
    -0.0048    -1.8552     1.0803
     0.0173     0.0076     0.0321
     0.1087    -0.0067    -0.0336
     0.2265    -0.0800     0.0724
    -0.2620     0.2226    -0.0464
    -0.1767     0.2711     0.0682
    -0.2418     0.1964     0.1287
     0.0327     0.0420     0.0017
    -0.5424    -1.1146     0.6842
     0.1450    -1.1299     0.1063
    -0.2776     0.0536     0.1675
     1.1201    -2.7881     0.4797
    -0.0515     0.0252     0.0546
    -0.0205    -0.0917     0.0597
     0.0238     0.1330    -0.0291
    -1.7689    -0.4244     0.6610
     0.6671     0.2873    -0.0634
    -0.2648    -0.2642     0.2008
    -0.1424    -0.4617     0.2045
     0.0505     0.1888    -0.0220
    -0.1976     0.4944    -0.1518
     0.0343    -0.0439     0.0197
    -0.0279     0.1738    -0.0096
     0.9878    -0.7208     0.3306
     0.0323    -0.0173     0.0263
     0.0561    -0.1834     0.1791
    -0.4875     0.7082     0.4370
    -0.2640     0.2164    -0.1011
    -0.2135     0.3484    -0.0122
    -0.2591     0.4417    -0.2975
     0.3630     0.6025    -0.4134
     0.0188    -0.0003     0.0288
    -0.2926    -0.0135     0.2274
     0.0874     0.1125    -0.0576
     0.4860     1.2732    -0.8583
    -0.0560    -0.1409     0.0683
    -0.0911     0.1707    -0.0572
     0.0819    -0.3664     0.2330
    -1.8522     0.9623    -0.2625
    -0.0859    -0.2059     0.1152
    -0.0194     0.3680     0.0891
     0.0987     0.3898     0.0572
     0.0732     0.0128     0.0031
     0.1803    -0.0101    -0.0335
     0.0731    -0.0718     0.0634
    -0.3899    -0.6024     0.2659
    -0.5676    -0.3610     0.2233
     0.2376    -0.2072     0.1283
     0.2468     0.6793    -0.2319
    -0.0400    -0.0073     0.0580
     0.0558    -0.0605     0.0235
    -0.1488    -0.0728     0.1388
    -0.2286    -0.1273     0.1606
    -0.3776     0.2437     0.2541
    -0.3679     0.5472    -0.4045
    -0.2587     0.2595    -0.1919
     0.1824     0.0792    -0.0848
    -0.3022     0.0222     0.2327
    -0.2329    -0.1723     0.2343
     0.0053     0.1359     0.0158
     1.9306     5.3989    -3.5515
     0.0766     0.1865    -0.0164
     0.6200     3.3365    -1.5904
    -0.2490    -0.3191     0.2481
     0.0177    -0.2491     0.0126
     0.1110     0.1160    -0.0325
    -0.3672    -1.6405     0.6790
     0.6323     0.0702     0.0635
     0.2023    -0.0602     0.0051
    -0.2992    -0.3626     0.0953
     0.4263     1.2658    -0.2965
     0.0821     0.3995    -0.1167
    -0.1766    -0.3733     0.1589
    -0.1400     0.3693     0.1049
    -0.0099    -0.0868     0.0696
    -0.0044     0.0129     0.0321
    -0.1250     0.0113     0.0909
    -0.1386    -0.1876     0.2188
     0.1155     0.3802    -0.2392
    -0.5966    -1.1872     0.9902
    -0.0924    -0.0286     0.0870
     0.1482    -0.1194    -0.0844
     0.0707    -0.0211    -0.0105
     0.0227    -0.0302     0.0299
    -0.0118    -0.2928     0.0734
     0.8743    -1.3287    -0.6879
     0.1029    -0.3438    -0.0125
     0.6636    -0.5714     0.3134
     0.0121     0.0598     0.0378
    -0.2019    -1.0114     0.4459
     0.2358     0.5867    -0.1653
     0.2618     0.3783    -0.1595
    -0.7369     0.4692     0.3435
    -0.1065     0.3131    -0.0811
    -0.1750    -0.3977     0.1919
    -0.4401    -0.2501     0.1618
    -0.2178    -0.0424     0.0828
    -0.2349     0.0509     0.1115
     0.0575     0.1822     0.0321
    -0.0010    -0.0741     0.0685
    -0.0601    -0.0210     0.0333
    -0.1102     0.0560     0.0572
     0.0261    -0.1107     0.0724
     0.0863    -0.3547    -0.1024
     0.0680     0.1764    -0.0539
    -0.1228    -0.1488     0.1920
     0.1942    -0.0417    -0.0876
    -0.1053     0.1273    -0.0622
     0.0358    -0.0152     0.0176
     0.9496     0.6580    -0.6959
    -0.0056    -0.7986     0.0241
     0.2846     0.1408    -0.1202
     0.0275    -0.1286     0.0082
    -0.0733    -0.3622     0.0206
     0.0695    -0.0473    -0.0041
     0.0212     0.0288     0.0173
     0.2043    -0.2572    -0.0438
    -0.2970     0.2530    -0.0145
    -0.0269    -0.0098     0.0431
     0.2123     0.0206    -0.0108
     0.0361    -0.3605     0.0072
     0.4004    -0.2671     0.1823
     0.5271    -0.0862    -0.0975
     0.4318     0.1952    -0.0571
     0.0160     0.0786    -0.0055
     0.0802     0.0593    -0.0183
     0.0307     0.0585    -0.0026
     0.0080     0.0016     0.0369
    -0.0491     0.2244    -0.1008
     0.1341     0.5181    -0.3774
     0.3069    -1.3360     0.9444
     0.0876    -0.1817    -0.0599
     0.1268    -0.0320    -0.0506
    -0.0004     0.0833     0.0194
    -0.0000     0.1126     0.0356
    -0.4738     0.3591    -0.0584
     0.0176     1.6248    -0.8629
     0.0151     0.0697     0.0323
     0.0236     0.0154     0.0209
     0.0527    -0.1261    -0.0053
    -0.0086     0.0751     0.0082
    -0.0562     0.1237     0.0205
    -0.0389     0.0254     0.0516
    -1.1446    -1.3041     0.4242
    -0.1945    -0.7374     0.2535
     0.3763    -0.4198     0.1942
     0.2341     0.3091    -0.0090
    -0.5212    -0.3682     0.2203
    -0.1138     0.0380     0.0705
     0.1267     0.0868    -0.0955
    -0.0092    -0.0118     0.0489
    -0.0012     0.0375     0.0115
    -0.0124    -0.1950     0.1996
     0.0067     0.1217     0.0508
     0.0622    -0.0197     0.0161
    -0.0624     0.3398    -0.2010
     0.8320    -0.9869    -0.5211
     0.1018    -0.1549    -0.0055
    -0.0437     0.0987    -0.0198
    -0.2483    -1.2475     0.6388
     0.0484     0.1319     0.0027
     0.0549     0.0878    -0.0002
    -0.5837    -2.1245     1.1996
     0.0163    -0.0546     0.0200
     0.4762     0.1117    -0.1625
    -0.0965     0.1489     0.0419
    -0.0876    -0.0311     0.0660
    -0.1873    -0.1077     0.0883
     0.6780     0.5601    -0.2065
     0.6550    -0.0789    -0.1391
    -0.4382     0.1840     0.1155
     0.0358    -0.8707     0.2736
     0.3003     0.4836    -0.1275
     0.2288    -0.6465    -0.0886
    -0.0690    -0.0295     0.1328
    -0.0436     0.0995     0.0412
    -0.1497     0.0022     0.0986
    -0.0781    -0.1004     0.1255
    -0.0269    -0.0956     0.0929
     0.4288    -1.0216     0.7141
    -0.3552     0.6737    -0.4703
     0.0655     0.1144    -0.0317
     0.0723    -0.0146    -0.0049
     0.0432    -0.0758     0.0156
    -0.1574    -0.0531     0.1504
     0.0546     0.0930    -0.0029
     0.3126    -0.1623    -0.0607
    -0.1272     0.4602    -0.1663
     0.0173    -0.0992     0.0135
    -0.0538    -0.0886     0.0708
    -0.0311     0.3308    -0.0011
    -0.7393     0.4543    -0.1017
     0.4347    -1.3316     0.3522
    -0.3770     0.5238    -0.1223
     0.6486    -0.4913    -0.1275
     0.1977    -0.3855     0.0204
    -0.3831     0.1011     0.0524
    -0.3619     0.9381    -0.2047
    -0.0460     0.7640     0.1748
     0.0776     0.1825    -0.1324
     0.0766     0.1268    -0.0863
    -0.1383     0.0863     0.1866
     0.0266     0.0403     0.0099
    -0.0258    -0.1447     0.1161
     0.0480    -0.2599     0.2289
     0.7410    -0.4576    -0.2922
     0.2621     0.8091    -0.5750
     0.1380     0.1677    -0.0806
     0.3362     0.0391    -0.1384
    -0.1618    -0.3962     0.1887
     0.1047    -0.0704    -0.0150
     0.1088     0.7486    -0.2853
     0.0753    -0.0901     0.0834
     0.0090    -0.0512     0.0267
    -0.0229     0.0291     0.0409
     0.0892    -0.1070     0.0589
     0.0301     0.0366     0.0187
     0.8215     1.1050    -0.3237
    -0.3010    -0.6431     0.1967
    -0.5517    -0.7252     0.2682
     0.2585    -0.2731    -0.0604
     0.7836    -0.0598    -0.1725
     0.2868    -0.1863    -0.0328
    -0.0746     1.4167     0.1663
    -0.1106     0.2371    -0.1893
     0.3677     0.0590    -0.2200
     0.5250     0.1014    -0.0861
    -0.0209     0.5052    -0.3034
     0.0654    -0.0327     0.0235
     0.0718     0.0186    -0.0119
     0.0515    -0.0577     0.0668
     0.0999    -0.2107     0.1833
     0.1195    -0.0441    -0.0427
     0.0264    -0.0007     0.0128
    -0.0409    -0.1630     0.1054
     0.0147    -0.0649     0.0320
    -0.0650    -0.1682     0.1251
    -0.0959    -0.1545     0.1008
    -0.0046     0.0335     0.0308
    -0.0176    -0.0558     0.0513
     0.0501    -0.0607     0.0429
    -0.0446     0.1720    -0.0136
     0.7224     0.4703    -0.1006
    -0.0700     0.2042    -0.0024
    -0.3739     0.1246     0.1210
     0.1666    -0.1804    -0.0203
    -0.2832     0.1590     0.0904
    -0.1437     0.0682     0.0606
    -0.2944     0.1238     0.0909
     0.0592     0.1728    -0.1163
     0.0563    -0.0608     0.0916
     0.0658     0.0426    -0.0157
    -0.0186     0.0567     0.0082
     0.0239    -0.1307     0.1040
    -0.1306    -1.0952     0.9958
     0.4436    -1.2673     0.9429
     0.0632    -0.0230    -0.0004
     0.0742     0.1613    -0.0546
     0.0032     0.0137     0.0214
    -0.5061     0.2774    -0.1673
     0.0410    -0.0943     0.0618
    -0.0784    -3.0680     1.0543
     0.0774    -0.0814     0.0418
    -0.0201    -0.0561     0.0540
     0.0016    -0.0234     0.0359
     0.0061    -0.0493     0.0423
     0.0145     0.0052     0.0276
     0.0655    -0.4908     0.1431
     0.0983     0.0391     0.0213
     0.1125     0.0182     0.0119
     0.0988     0.0078     0.0143
    -0.0328     0.1061     0.0042
     0.0573     0.3801    -0.0366
    -0.0657     0.0184     0.0286
     0.0543     0.0562    -0.0201
     0.0521     0.0433    -0.0118
     0.0632     0.0763    -0.0382
    -0.2219     0.0561     0.1331
     0.2932    -0.1426    -0.0299
     1.0431     0.1359    -0.1755
    -0.1414     0.0768    -0.0188
     0.0655     0.2247    -0.0624
    -0.0647    -0.0094     0.0823
    -0.1225    -0.1349     0.1224
     0.0053     0.0869     0.0157
     0.0080    -0.0295     0.0337
     0.0040    -0.0086     0.0314
    -0.0473     0.0430     0.0364
    -0.0021     0.0551     0.0298
    -0.1179     0.1476     0.0063
     0.1130    -0.1061     0.0573
    -0.0439    -0.0439     0.0460
    -0.0793     0.1933    -0.0124
     0.1969     0.0876    -0.0072
    -0.1386    -0.1911     0.0711
    -0.2976    -0.1288     0.0931
    -0.3988     0.1700    -0.0432
    -0.1867    -0.2169     0.0574
     0.0457     0.1271     0.0072
     0.0497     0.0530    -0.0160
     0.1707    -0.3582     0.2217
    -0.0123    -0.0775     0.1119
     0.2026    -0.1040     0.1454
    -0.0738     0.1541     0.0981
    -0.6394    -0.3711     0.6932
     0.1653     0.1129    -0.1197
     0.0150     0.0857    -0.0312
     0.0023     0.0304     0.0253
     0.1551     0.1926    -0.1182
     0.0258    -0.0083     0.0218
     0.0529    -0.3204     0.1573
     0.0184     0.0557     0.0185
    -0.1769     0.1156    -0.0158
    -0.0067     0.0832     0.0243
     0.0201    -0.0917     0.0268
    -0.0717     0.0689     0.0144
    -0.0266    -0.1595     0.0621
     0.1163    -0.5432     0.1378
    -0.0288    -1.1050     0.1891
    -0.2878     0.9598    -0.1419
    -0.0238     0.0860     0.0314
    -0.3263     0.1294    -0.0079
    -0.3879    -0.2596     0.1149
     0.1310     0.0887     0.0087
     0.0961    -0.1887     0.0890
     0.0965     0.0298    -0.0437
     0.0047     0.1258    -0.0157
    -0.0346     0.5974    -0.5075
    -1.3556     0.1904     1.1099
     0.1783    -0.0757    -0.0803
     0.1737    -0.7534     0.2367
     0.0101     0.0870    -0.0056
     0.0288    -0.1197     0.0603
    -0.0071    -0.0585     0.0521
     0.0447    -0.2778     0.1145
    -0.0259    -0.0199     0.0451
     0.0356    -0.0770     0.0485
    -0.0013     0.2361    -0.0498
     0.0043     0.1607     0.0127
     0.1784    -0.1167    -0.0130
    -0.0476     0.0359     0.0401
     0.0110     0.0546     0.0217
    -0.3004    -0.0540     0.0853
     0.0942    -0.6629     0.1159
     0.1322    -0.4893     0.0830
    -0.1310    -0.3257     0.0456
     0.1485    -0.4545    -0.0278
     0.4385    -0.1703     0.0178
     0.2915     0.0081     0.0045
     0.1143    -0.0177    -0.0469
     0.0451    -0.0214     0.0233
     0.1048     0.0767    -0.0720
    -0.3877     0.5576    -0.1465
    -0.0083    -0.0716     0.1130
     0.0782     0.1190    -0.0428
     0.0673     0.2508    -0.1164
     0.8105     0.7874    -0.7956
     0.0848    -0.0339     0.0133
     0.0129     0.0162     0.0216
    -0.0708     0.1374    -0.0042
     0.0085     0.0085     0.0261
     0.1445    -0.1663     0.0270
     0.0170    -0.1684     0.0273
     0.0169    -0.0373     0.0292
    -0.1704     0.3685    -0.0598
    -0.2147     0.2185    -0.0097
    -0.2168    -0.0295     0.0705
    -0.0194    -0.3141     0.0817
     0.0562    -0.0413     0.0194
     0.1128     0.7708    -0.0663
     0.0350     0.1426     0.0155
    -0.0843     0.0907     0.0251
     0.3157     0.1082     0.0126
     0.2255     0.2029    -0.0047
     0.0648     0.0434    -0.0185
     0.0923     0.0137    -0.0324
     0.0948    -0.1006    -0.0353
     0.0802    -1.3742     0.8332
     0.2112    -0.7555     0.4161
     0.0725     0.1060    -0.0483
     0.1582     0.0760    -0.0891
     0.1967    -0.0111    -0.0594
     0.0400    -0.0141     0.0191
     0.0445     0.1079    -0.0151
    -0.0068     0.0361     0.0257
     0.0088     0.0325     0.0209
     0.0190     0.0508     0.0236
     0.0184     0.0445     0.0234
    -0.0369    -0.0029     0.0298
    -0.0662     0.4136    -0.0646
     0.0756    -0.0542     0.0360
    -0.0148     0.1488     0.0211
    -0.0616    -0.2048     0.0326
    -0.2902    -0.2799     0.0825
     0.2409    -0.3091     0.0744
    -0.0214    -0.0387     0.0292
    -0.0641    -0.3454     0.0418
    -0.0027     0.0170     0.0222
    -0.1488     0.0037     0.0328
     0.0171     0.0463     0.0115
    -0.1128     0.0981     0.0584
     0.1944    -0.0045    -0.1332
    -0.1141    -0.1807     0.2530
    -0.0046     0.0544     0.0576
     0.1113    -0.0252    -0.0104
     0.2693     0.0409    -0.1109
     0.0641    -0.0143     0.0115
     0.0220     0.0006     0.0219
     0.0190     0.2613    -0.0637
     0.0134     0.0238     0.0239
    -0.0810     0.0369     0.0678
     0.0035     0.0055     0.0298
    -0.0096     0.0000     0.0299
     0.2752     0.0074     0.0146
    -0.0254    -0.0159     0.0371
     0.0085     0.0199     0.0273
     0.0201    -0.0039     0.0266
    -0.2177     0.7321    -0.0771
    -0.0662     0.0605     0.0261
    -0.4055     0.3453     0.0656
    -0.0365    -0.1675     0.0358
    -0.0215    -0.0670     0.0257
     0.0180     0.1190     0.0174
    -0.0131    -0.0563     0.0278
     0.0069     0.0272     0.0386
    -0.0061     0.0219     0.0474
    -0.0056     0.0291     0.0508
     0.0488    -0.0559     0.0754
     0.0261    -0.0214     0.0344
     0.1030     0.1499    -0.0848
    -0.1107     0.0526     0.0595
     0.0255     0.0063     0.0194
     0.0204     0.0887    -0.0017
     0.0283     0.0811    -0.0053
    -0.0028     0.0222     0.0225
     0.0128     0.1979    -0.0065
    -0.0845    -1.3838     0.5084
    -0.0067     0.0862     0.0144
     2.1214     2.8146    -0.7831
    -1.1797    -2.1562     0.4303
     0.0718    -0.0484     0.0188
    -0.2481     0.1851     0.0520
     1.0010    -0.3778     0.0324
    -0.4011    -0.5331     0.0751
    -0.1409    -0.0232     0.0401
     0.1114    -0.1561     0.0168
     0.0915    -0.0405     0.0190
    -0.0483     0.1374     0.0248
     0.0559    -0.1237     0.0266
    -0.0307    -0.0109     0.0821
    -0.0230     0.0277     0.0437
    -0.0120     0.0384     0.0425
    -0.0429     0.0500     0.0869
     0.0438     0.0144     0.0124
     0.1388     0.1657    -0.1068
     0.0305    -0.0080     0.0176
     0.0229     0.0106     0.0160
     0.0049     0.0155     0.0222
     0.0106    -0.0013     0.0258
     0.0149     0.0038     0.0218
     0.0148    -0.0418     0.0283
     0.0360     0.0132     0.0147
     0.0986     0.1891     0.0002
    -0.2363     0.0828     0.0185
     0.6086    -2.5608     0.2710
     0.1190     0.0166     0.0088
     0.1339     0.0466     0.0114
    -0.0058     0.3124    -0.0076
     2.8245    -1.0800    -0.2751
    -0.0343    -0.0267     0.0264
    -0.2400    -0.0123     0.0461
     0.0259    -0.0014     0.0240
    -0.0381     0.0986     0.0210
    -0.0595     0.0148     0.0254
