    -0.310125    0.0773701   -0.0330729
   -0.0959272     0.211902  -0.00114718
   -0.0887645      0.35599     0.166734
     -0.24883     -0.13724    0.0663942
    -0.141294     0.173157   -0.0728096
    -0.403985     0.631427    -0.369927
     0.176095   -0.0939517    -0.050576
    0.0370729   -0.0555869    0.0344893
   -0.0297604   -0.0918627    0.0742886
    -0.261464    0.0685547     0.140742
   -0.0489275   -0.0331785    0.0619882
    0.0190581     0.100511    0.0427882
    -0.142689     0.338882    -0.152048
     0.256602     -1.38309     0.470121
   -0.0753733    0.0588812    0.0307573
    0.0168207     0.347763     -0.11951
     -3.55601      3.56944    0.0237557
  -0.00990387    0.0193664    0.0240476
   -0.0844496    -0.236983     0.131638
     0.436306    -0.996172      0.10712
    0.0374787   -0.0174202    0.0301791
     0.129218     0.138465      -0.0201
    -0.070927    0.0533972    0.0270135
    -0.379447     0.247223     0.247345
   -0.0315788    -0.759838      0.35244
    -0.125087     0.167408   -0.0106498
     0.112025    0.0200395   -0.0138492
     0.279736    -0.210625    0.0551056
    0.0675944     0.122963   -0.0418256
   -0.0921843     0.100162    0.0102646
   -0.0068438     0.181019   -0.0627131
    -0.008954    0.0454339    0.0124159
    0.0873449    -0.230704   -0.0509349
    0.0598159    -0.125141   -0.0244848
     0.297893     0.838505   -0.0117122
     0.025458     0.132056    0.0364808
  -0.00715462   -0.0815242    0.0561584
  -0.00467934    -0.129117    0.0681534
     0.743524    0.0350048  -0.00360036
 -0.000788512     0.159269    0.0592414
    -0.446401    -0.236072     0.295625
   0.00595896   -0.0605819    0.0606871
    0.0111261    0.0692395 -0.000492244
     0.127906    -0.120018   -0.0279175
     0.503871    -0.729901     0.259361
   -0.0241462     0.105363    0.0626797
    -0.197881   -0.0115824     0.114249
   -0.0159939    -0.114549     0.074004
    -0.133493       0.2972      0.11214
     0.143467    0.0254742   -0.0323536
   0.00501877    -0.158167     0.122335
    -0.190402    -0.317479    0.0971662
     0.154858    0.0943548   -0.0621087
     0.153523     0.150096   -0.0870027
   -0.0584446    -0.224485     0.191042
   -0.0342191     0.134855    0.0060146
  -0.00902271   -0.0682459    0.0711744
    -0.103815    0.0896153   -0.0107761
    -0.447745     0.280697   -0.0822121
     0.447731     0.683811    -0.426919
    0.0398767    0.0520392  -0.00325262
     0.019518     -0.17889    0.0753301
     -0.27253     -1.93185      1.10385
    -0.112073     0.166849    0.0490245
   0.00375494     0.129071    0.0523053
    -0.272048     0.697216    0.0106525
   -0.0525623     0.172641    0.0166198
     0.325244    -0.151885   -0.0300415
    -0.382481    -0.661216     0.405034
   -0.0314558    -0.152612    0.0929144
     -0.32664     0.186332     0.188866
    -0.101852    -0.254763     0.135832
   -0.0738954    -0.316121     0.152271
     0.122829     0.527018    -0.190791
     0.073457     0.330593   -0.0797922
      1.58563      2.58262     -1.67638
    0.0214813     0.293238   -0.0927114
    0.0427641    0.0370986   0.00538067
    -0.285293  -0.00292369      0.18581
    0.0478964      2.32012    -0.749001
     0.180648     0.352463    -0.174693
   -0.0811794  -0.00182087    0.0244561
      1.18666      4.16817     -2.60355
     0.226944     0.061223   -0.0962534
     -4.94681     -6.91864      5.37524
     0.161625     0.374705    -0.215777
    -0.158247     -0.11518     0.105943
    0.0835022     -0.15074    0.0799786
    -0.102103      0.16533    -0.054768
  -0.00825431      -0.1001    0.0232073
    -0.107861   -0.0333574    0.0921358
     0.117855   -0.0380177    0.0165084
      1.07231     -3.10078      1.08573
    -0.588245   0.00320518      0.31345
     0.155296     0.184327   -0.0324503
     -1.25682     -2.36983      1.19281
      1.17923    -0.972597      0.46066
    -0.130204    -0.133749    0.0898222
     0.011112   -0.0970146    0.0146843
    0.0117977     0.151444   -0.0128886
    0.0342435    0.0537479   0.00351189
   -0.0117651     -5.30629      2.98486
     0.246069     0.409924    -0.243469
     0.059998   -0.0605826    0.0405911
    -0.201887    -0.211085     0.241663
    -0.137859    0.0874577     0.122036
      1.08925      0.81961    -0.847945
     0.043903     0.114128   -0.0349228
    -0.133495    -0.137849     0.167254
     0.554637     -1.81231      0.30085
   -0.0572569    0.0680267  -0.00573537
     0.635681     0.109348     -0.32778
    -0.211567     0.354574     -0.17609
    0.0834627     -0.15658    -0.036329
   -0.0131894    -0.188354    0.0182779
   -0.0832263   -0.0107126    0.0741651
    0.0683937   0.00341178   0.00233187
    -0.671319     0.178274     0.340122
    -0.832311     -2.26591     0.955362
    -0.239998    -0.659667     0.182508
   0.00532261    0.0999275 -0.000799408
    -0.229352      -0.0925     0.116579
     0.262298     0.107418   -0.0132794
     0.399346  -0.00678091    -0.126153
     0.120851     0.404478    -0.133267
    0.0043452    -0.208807     0.116088
    0.0296201   -0.0264314    0.0346398
    0.0192468     0.012122    0.0268996
     0.227169   -0.0557922    0.0578836
     0.316851    -0.190943      0.21284
   -0.0553739    -0.126408     0.132713
    -0.422257      0.94337    -0.429689
    -0.181816     0.151842   0.00182706
    -0.273679   -0.0387388     0.225619
    -0.245401     0.838811     0.263635
     0.544161   -0.0626922     -0.26128
     0.881866      -1.6673    -0.594128
     0.149008     0.328403    -0.166727
    0.0798317     0.196093    0.0252548
  -0.00186971     0.226635   -0.0356566
   -0.0312601    -0.124761    0.0962835
    -0.458131    -0.268103     0.221808
       0.2314  0.000660404   -0.0692286
    -0.307244     0.163165     0.151131
    -0.537768     -1.42268     0.714187
   -0.0308428   -0.0776278    0.0714892
    -0.250401     0.547195     -0.14137
     0.102905     0.442135   -0.0956955
    -0.476398       -0.477     0.275243
     0.213455    -0.116313    -0.062678
   -0.0969626  -0.00430933     0.106558
  -0.00480757     -1.85522      1.08034
    0.0172579   0.00761955    0.0320957
     0.108659  -0.00667909   -0.0335668
     0.226485   -0.0799711    0.0724258
    -0.261963     0.222569   -0.0463691
    -0.176684     0.271073    0.0681539
    -0.241755     0.196425     0.128663
    0.0327078    0.0419847   0.00167639
    -0.542367      -1.1146     0.684155
     0.144955     -1.12985     0.106287
    -0.277642    0.0535625     0.167544
      1.12012      -2.7881     0.479702
   -0.0515436    0.0251929    0.0545581
   -0.0204606   -0.0917402    0.0596796
    0.0237718     0.133031    -0.029108
     -1.76892    -0.424443     0.661004
     0.667139     0.287343   -0.0633867
    -0.264784    -0.264238     0.200821
    -0.142415    -0.461711     0.204514
    0.0504609     0.188763   -0.0220179
    -0.197554     0.494413    -0.151817
    0.0342713   -0.0438981    0.0197129
   -0.0278718     0.173801  -0.00958934
     0.987757     -0.72081     0.330619
     0.032331   -0.0173339    0.0262955
    0.0561295    -0.183446     0.179058
    -0.487541     0.708242     0.436983
    -0.263955     0.216449    -0.101125
    -0.213539     0.348377   -0.0122479
    -0.259124     0.441691    -0.297459
     0.362971     0.602533    -0.413404
    0.0187555 -0.000291745    0.0288309
    -0.292618   -0.0135489     0.227386
    0.0874367     0.112495    -0.057557
     0.485956      1.27322     -0.85827
   -0.0559537    -0.140888     0.068324
    -0.091061     0.170683   -0.0571718
    0.0819272    -0.366358     0.233028
     -1.85224      0.96234    -0.262515
    -0.085872    -0.205948     0.115171
   -0.0194133     0.367955    0.0891213
    0.0987074      0.38985    0.0571835
    0.0731849    0.0128247   0.00309971
     0.180343   -0.0101402   -0.0335236
    0.0731161   -0.0717552    0.0633541
    -0.389876    -0.602446     0.265942
    -0.567593    -0.361033     0.223346
      0.23756    -0.207156     0.128287
     0.246778       0.6793     -0.23194
   -0.0400247  -0.00729421    0.0579712
    0.0557984   -0.0604634    0.0234969
    -0.148767    -0.072825     0.138816
    -0.228612    -0.127252      0.16059
    -0.377647     0.243659       0.2541
    -0.367872     0.547204    -0.404537
    -0.258681     0.259497    -0.191914
     0.182372    0.0792243   -0.0848268
    -0.302198    0.0221622     0.232675
    -0.232856    -0.172274     0.234286
   0.00526559     0.135916     0.015825
      1.93057      5.39888     -3.55147
     0.076578     0.186495   -0.0163947
     0.620046      3.33646     -1.59041
     -0.24897    -0.319076     0.248058
    0.0176798    -0.249141    0.0126242
     0.110967     0.115996   -0.0325364
    -0.367215     -1.64052        0.679
     0.632309    0.0702428    0.0634588
     0.202334   -0.0602149   0.00511443
    -0.299162    -0.362577    0.0953395
     0.426271      1.26579    -0.296529
    0.0821025     0.399473    -0.116654
    -0.176641     -0.37325      0.15887
     -0.13997     0.369267     0.104884
  -0.00991324   -0.0868411    0.0696254
  -0.00444478    0.0128554    0.0321371
    -0.124968    0.0113397    0.0909034
    -0.138595    -0.187601     0.218826
     0.115489     0.380193     -0.23921
    -0.596551     -1.18719     0.990162
   -0.0923801   -0.0286066    0.0870023
     0.148171    -0.119434   -0.0843627
    0.0707338   -0.0211343   -0.0105163
    0.0226505   -0.0302238    0.0298856
   -0.0118382    -0.292839    0.0734498
      0.87428     -1.32874     -0.68791
     0.102852    -0.343764   -0.0125332
     0.663627     -0.57145     0.313442
    0.0120725    0.0597899    0.0377804
    -0.201917     -1.01142     0.445947
     0.235781     0.586694    -0.165315
     0.261838     0.378328    -0.159474
    -0.736945      0.46918     0.343531
    -0.106482     0.313077   -0.0811328
    -0.175003    -0.397719     0.191867
    -0.440134    -0.250063     0.161785
    -0.217768   -0.0423958    0.0827647
     -0.23492    0.0508636     0.111481
    0.0575218     0.182206    0.0320618
   -0.0010243    -0.074059    0.0684631
   -0.0601099   -0.0209848    0.0333174
    -0.110169    0.0559615    0.0572114
    0.0261469    -0.110743    0.0724198
    0.0862898    -0.354677    -0.102436
    0.0680475     0.176371   -0.0539482
    -0.122822    -0.148759     0.192039
     0.194211   -0.0417085   -0.0875936
    -0.105312     0.127257   -0.0622042
    0.0357792   -0.0152269    0.0176149
     0.949556     0.658034    -0.695858
  -0.00564394    -0.798578    0.0240551
     0.284649     0.140758    -0.120164
    0.0275257    -0.128615   0.00816983
   -0.0732832     -0.36221     0.020598
    0.0695071   -0.0472883  -0.00409176
    0.0211537    0.0287972    0.0172861
     0.204329    -0.257205   -0.0437662
    -0.296951      0.25298   -0.0144759
   -0.0268975  -0.00981466    0.0430873
     0.212347    0.0206331   -0.0108037
    0.0360625    -0.360458    0.0072298
     0.400354     -0.26709     0.182317
     0.527054   -0.0861954   -0.0975025
     0.431824     0.195199   -0.0571458
    0.0159708    0.0785552  -0.00550046
    0.0801774    0.0593136   -0.0183167
    0.0307052    0.0585389  -0.00263888
   0.00804953   0.00163849    0.0368973
   -0.0490607     0.224363     -0.10077
      0.13408     0.518086    -0.377416
     0.306895     -1.33604     0.944406
    0.0876083    -0.181675   -0.0598855
     0.126806   -0.0319745   -0.0506269
 -0.000375536    0.0832525    0.0193645
 -1.40424e-05     0.112594    0.0355774
    -0.473829     0.359121    -0.058354
    0.0176148      1.62483    -0.862897
    0.0150551     0.069725    0.0323194
    0.0236384    0.0154392    0.0208581
    0.0526855    -0.126147  -0.00527849
  -0.00856841    0.0750703   0.00821131
   -0.0561535     0.123709    0.0204527
   -0.0388985    0.0253755    0.0515987
     -1.14461     -1.30408     0.424216
    -0.194489    -0.737403     0.253472
      0.37629    -0.419778     0.194239
     0.234104     0.309069  -0.00902348
    -0.521221     -0.36823     0.220319
    -0.113758    0.0380085      0.07054
     0.126672      0.08681    -0.095538
  -0.00917424   -0.0118017    0.0489223
  -0.00123185    0.0374516    0.0115321
   -0.0124118    -0.195011     0.199614
   0.00668118     0.121685    0.0508278
    0.0621866   -0.0197361    0.0161196
    -0.062382     0.339799    -0.200988
     0.832036    -0.986863    -0.521144
     0.101842    -0.154858  -0.00548792
   -0.0437104     0.098743   -0.0197537
    -0.248339     -1.24746     0.638807
    0.0483683     0.131879   0.00272474
    0.0548667    0.0877613 -0.000237485
    -0.583709     -2.12449      1.19962
    0.0163472   -0.0545652    0.0199943
     0.476157     0.111667    -0.162478
   -0.0965352     0.148886    0.0418589
   -0.0875564   -0.0311183    0.0660314
    -0.187267    -0.107653    0.0882889
      0.67796     0.560111    -0.206461
     0.655015   -0.0789403    -0.139052
    -0.438182     0.183996     0.115524
    0.0358435    -0.870678     0.273625
      0.30031     0.483583    -0.127518
     0.228817    -0.646526   -0.0885738
   -0.0690408   -0.0294858     0.132787
   -0.0435904    0.0995389    0.0411642
    -0.149741   0.00215367    0.0986337
   -0.0781278    -0.100449     0.125483
    -0.026853   -0.0955588     0.092892
     0.428766     -1.02164     0.714094
    -0.355217     0.673717    -0.470277
    0.0654751     0.114361   -0.0316622
    0.0723034   -0.0146475  -0.00486882
    0.0432228    -0.075788    0.0155602
    -0.157351   -0.0531086     0.150433
    0.0546014    0.0930183  -0.00292054
     0.312583    -0.162261    -0.060736
    -0.127173     0.460178    -0.166279
    0.0173049   -0.0991558    0.0134938
   -0.0538263   -0.0886414    0.0707505
    -0.031111     0.330753  -0.00113451
    -0.739333     0.454328    -0.101706
     0.434701     -1.33164      0.35217
    -0.376979     0.523842    -0.122335
     0.648558    -0.491298    -0.127456
     0.197662    -0.385459    0.0204389
    -0.383129     0.101133     0.052401
    -0.361922     0.938124    -0.204723
   -0.0459593     0.763996     0.174829
    0.0776493     0.182531     -0.13241
    0.0765933     0.126788   -0.0863393
    -0.138322    0.0862927     0.186586
     0.026639    0.0402511    0.0098725
   -0.0258092    -0.144655     0.116117
    0.0479816    -0.259918     0.228854
     0.740969    -0.457642    -0.292224
      0.26207     0.809053    -0.574966
     0.138019     0.167742   -0.0805694
     0.336197    0.0391496    -0.138415
      -0.1618    -0.396156     0.188731
     0.104669   -0.0703565   -0.0150406
     0.108769     0.748642    -0.285342
    0.0753411   -0.0900622    0.0834213
    0.0090353   -0.0512108    0.0266911
   -0.0229363    0.0291113    0.0408901
    0.0891505    -0.107027    0.0588521
    0.0301018    0.0365594    0.0186835
     0.821504      1.10502    -0.323652
    -0.300973    -0.643094     0.196707
    -0.551717    -0.725198     0.268184
     0.258507     -0.27313   -0.0604187
     0.783562   -0.0598068    -0.172547
     0.286826    -0.186251   -0.0328262
   -0.0745586      1.41675     0.166294
    -0.110553     0.237145    -0.189302
     0.367687    0.0589848    -0.219976
     0.525042     0.101352   -0.0860545
   -0.0208963     0.505156    -0.303397
    0.0653999   -0.0326603    0.0235029
    0.0717554    0.0185508   -0.0118585
     0.051509   -0.0576727    0.0668473
    0.0999466    -0.210651     0.183342
     0.119498   -0.0441051   -0.0427448
    0.0264194 -0.000656502    0.0127993
    -0.040911    -0.162985     0.105383
    0.0147419   -0.0648965    0.0320455
   -0.0650103    -0.168187     0.125059
   -0.0958685     -0.15449     0.100753
  -0.00461112     0.033469    0.0308454
   -0.0176003   -0.0557602    0.0512751
     0.050142   -0.0606637     0.042881
   -0.0445727     0.172025   -0.0135741
     0.722377     0.470317    -0.100618
   -0.0700492     0.204204  -0.00243343
    -0.373899     0.124628     0.120993
     0.166648    -0.180357   -0.0203283
    -0.283249     0.158961    0.0903859
    -0.143746    0.0682491    0.0606104
    -0.294437     0.123807    0.0908688
    0.0592426     0.172835    -0.116334
    0.0563114   -0.0608293       0.0916
    0.0658162    0.0426002   -0.0157387
   -0.0186088    0.0567067   0.00821649
    0.0238798    -0.130713     0.103986
    -0.130578     -1.09522     0.995806
     0.443641     -1.26735     0.942854
    0.0632205     -0.02303 -0.000411278
    0.0741649     0.161307   -0.0546317
   0.00323458    0.0136734    0.0213966
    -0.506135     0.277364    -0.167316
    0.0410287    -0.094256    0.0618255
   -0.0783885     -3.06803       1.0543
     0.077356   -0.0814353    0.0418317
   -0.0200824   -0.0561086    0.0540331
   0.00162865   -0.0234065    0.0358666
   0.00606735   -0.0493163    0.0423417
    0.0145193   0.00518837     0.027631
    0.0654626    -0.490793     0.143142
    0.0982972     0.039127    0.0212516
     0.112538    0.0181604    0.0118867
    0.0987629   0.00779359     0.014339
   -0.0327775     0.106123   0.00424072
    0.0572877     0.380125   -0.0365708
   -0.0656676    0.0183803    0.0286376
    0.0542846    0.0561872   -0.0201426
    0.0520845    0.0432892   -0.0117712
    0.0632214    0.0763005   -0.0381953
    -0.221872    0.0561449     0.133139
     0.293174    -0.142578   -0.0298801
      1.04309     0.135938    -0.175497
    -0.141436    0.0767954   -0.0187911
    0.0654813     0.224665   -0.0623684
   -0.0647216  -0.00937598    0.0823125
    -0.122511    -0.134863      0.12241
   0.00532523    0.0868832    0.0156665
   0.00799031   -0.0294535    0.0337242
   0.00400226  -0.00862695    0.0313838
    -0.047309    0.0430164    0.0363603
  -0.00208419    0.0550684    0.0297924
    -0.117868      0.14755   0.00629012
     0.112966    -0.106107     0.057346
   -0.0439294   -0.0438977     0.046017
   -0.0793499     0.193326   -0.0124168
      0.19694    0.0876051  -0.00719715
    -0.138639    -0.191074    0.0710512
    -0.297636    -0.128831    0.0930749
      -0.3988     0.169993   -0.0431913
      -0.1867    -0.216884    0.0573888
    0.0457329     0.127148   0.00719959
    0.0496616    0.0530104   -0.0160236
     0.170738    -0.358153     0.221707
   -0.0123399   -0.0774966     0.111874
     0.202591    -0.104033     0.145386
   -0.0738101     0.154091    0.0981372
     -0.63937    -0.371064     0.693173
     0.165316     0.112868    -0.119669
    0.0149749    0.0857465   -0.0311943
   0.00232767    0.0303942    0.0252534
     0.155073     0.192638    -0.118196
    0.0258295  -0.00834332    0.0217657
    0.0528861     -0.32039     0.157301
    0.0184468    0.0557359    0.0184932
    -0.176879     0.115597   -0.0157859
  -0.00671937    0.0831754     0.024295
    0.0201401    -0.091734     0.026783
   -0.0717442    0.0688617    0.0143661
   -0.0266376     -0.15955    0.0621231
     0.116317    -0.543185      0.13781
   -0.0287876     -1.10498     0.189118
    -0.287818     0.959809    -0.141902
   -0.0237782    0.0860127    0.0314357
    -0.326338     0.129414  -0.00786227
    -0.387864    -0.259648     0.114864
     0.131034    0.0886873    0.0086827
    0.0961122    -0.188692    0.0889558
    0.0964864    0.0298218   -0.0437432
   0.00465184     0.125797   -0.0157235
   -0.0346281      0.59739    -0.507513
     -1.35558      0.19037      1.10987
     0.178347   -0.0757142   -0.0802947
     0.173677     -0.75342     0.236738
    0.0101101    0.0870122  -0.00555576
     0.028762    -0.119729     0.060287
  -0.00708622   -0.0584798    0.0520513
    0.0447315    -0.277768       0.1145
   -0.0258645   -0.0198888    0.0450996
    0.0355887   -0.0770073    0.0485352
  -0.00127033     0.236081   -0.0498426
   0.00431042     0.160747    0.0126936
     0.178391    -0.116715   -0.0129928
   -0.0475728    0.0359125     0.040056
    0.0109669    0.0546119     0.021655
     -0.30041   -0.0540163    0.0853233
     0.094161    -0.662885     0.115864
     0.132242    -0.489318    0.0829584
     -0.13103    -0.325688    0.0455701
     0.148474     -0.45451   -0.0277689
      0.43853    -0.170338    0.0177705
     0.291543   0.00809132   0.00449206
     0.114296   -0.0176781   -0.0468731
    0.0450519   -0.0214363    0.0233187
     0.104786    0.0766866   -0.0720156
    -0.387664     0.557567    -0.146505
  -0.00827524   -0.0716156     0.112963
    0.0782041     0.118963   -0.0428159
    0.0672774     0.250819    -0.116363
     0.810519      0.78742    -0.795599
    0.0848023   -0.0339491    0.0132701
     0.012862    0.0162089    0.0216218
   -0.0707522     0.137413  -0.00417328
   0.00848757    0.0085441     0.026051
     0.144513    -0.166256    0.0269685
    0.0170194    -0.168361    0.0273118
    0.0168835   -0.0372963    0.0292416
    -0.170407     0.368531   -0.0598474
    -0.214748     0.218459  -0.00967143
    -0.216785    -0.029502    0.0704547
   -0.0194371    -0.314093     0.081705
    0.0562171   -0.0412975    0.0194342
     0.112787     0.770754   -0.0663002
    0.0350129     0.142565    0.0154739
   -0.0843179    0.0907169    0.0251454
     0.315696     0.108216    0.0125743
     0.225497     0.202912  -0.00474126
    0.0648441    0.0433581   -0.0185071
    0.0922733    0.0136817   -0.0323526
    0.0947886    -0.100588   -0.0353166
    0.0802416     -1.37419     0.833217
     0.211172    -0.755458     0.416119
    0.0724977     0.106029   -0.0482735
     0.158209    0.0760329   -0.0891289
       0.1967   -0.0111299   -0.0594352
    0.0400318   -0.0140641    0.0191008
     0.044548     0.107885   -0.0151336
  -0.00675411    0.0361498     0.025728
   0.00881932    0.0324676    0.0208741
    0.0190347    0.0507961    0.0236127
    0.0184299    0.0445449     0.023405
   -0.0368792  -0.00293034    0.0298183
   -0.0662464     0.413601   -0.0646474
    0.0756159    -0.054207     0.035979
   -0.0148346     0.148755    0.0210691
   -0.0616106    -0.204812    0.0325635
    -0.290159    -0.279898    0.0825152
     0.240904    -0.309106    0.0743706
   -0.0213645   -0.0387224    0.0292248
   -0.0640646    -0.345398    0.0417762
   -0.0026815      0.01698    0.0222377
    -0.148788   0.00371241    0.0328252
    0.0170841    0.0462564    0.0115345
    -0.112777    0.0980731    0.0584255
     0.194443  -0.00454244    -0.133186
    -0.114073    -0.180718     0.253023
  -0.00458226      0.05441    0.0575726
     0.111336   -0.0251954    -0.010401
     0.269266    0.0409485    -0.110857
    0.0640554   -0.0143317    0.0115436
    0.0220276  0.000584001    0.0218987
    0.0189894       0.2613   -0.0637339
    0.0134068    0.0237799    0.0239489
   -0.0809693    0.0368525    0.0678296
   0.00349163   0.00554647    0.0297944
  -0.00959701  1.40074e-05    0.0299346
     0.275232   0.00735639    0.0145872
   -0.0253502   -0.0159304    0.0370786
   0.00848589    0.0199019    0.0272858
    0.0200934  -0.00391006    0.0265761
    -0.217653     0.732144   -0.0771472
   -0.0661646    0.0604521     0.026132
     -0.40551      0.34531    0.0655663
   -0.0365482    -0.167528    0.0357793
   -0.0215135   -0.0669615    0.0257159
    0.0180459     0.118977     0.017401
   -0.0131332     -0.05633    0.0278233
   0.00685239    0.0272376    0.0386139
  -0.00608445    0.0219152    0.0474381
  -0.00562319    0.0291408    0.0508151
    0.0488355   -0.0558673    0.0753957
     0.026095   -0.0213672    0.0344468
     0.102993     0.149893   -0.0848199
    -0.110732    0.0526261    0.0595227
    0.0254799   0.00631743    0.0194312
    0.0204372    0.0886584  -0.00166496
      0.02829    0.0811254  -0.00529737
  -0.00278115    0.0222372    0.0225129
    0.0128383      0.19786  -0.00650839
   -0.0845047     -1.38385      0.50838
   -0.0066994    0.0862023    0.0144153
       2.1214      2.81457    -0.783077
     -1.17975      -2.1562     0.430349
    0.0718021   -0.0483807     0.018835
    -0.248087      0.18509    0.0520206
      1.00099    -0.377773    0.0323547
     -0.40114    -0.533131    0.0750724
    -0.140934   -0.0232166    0.0401426
      0.11136     -0.15608    0.0167528
    0.0914593    -0.040455     0.019013
   -0.0482559       0.1374    0.0247562
    0.0559318    -0.123691    0.0266072
   -0.0307254   -0.0108963    0.0821367
       -0.023    0.0277211     0.043664
   -0.0119538    0.0384399    0.0425109
   -0.0429176    0.0500191    0.0868753
    0.0438257    0.0144386    0.0124175
     0.138767     0.165706    -0.106771
    0.0304589  -0.00795764    0.0175864
    0.0228761     0.010579    0.0160058
   0.00490989    0.0154532    0.0222104
    0.0106216  -0.00126701    0.0258488
    0.0149462   0.00378664    0.0218375
    0.0147821   -0.0418097     0.028293
    0.0360234    0.0131848    0.0146706
    0.0986286     0.189062  0.000203485
    -0.236348     0.082837     0.018511
     0.608613     -2.56081     0.271003
     0.118975    0.0166177     0.008765
     0.133858    0.0466257    0.0113892
  -0.00576021     0.312415  -0.00755826
      2.82455     -1.08002    -0.275067
   -0.0343248   -0.0266896    0.0264151
    -0.239952   -0.0123082    0.0460582
     0.025935  -0.00136784    0.0239679
   -0.0381457     0.098616    0.0210241
    -0.059483    0.0148399    0.0253514
